<?xml version="1.0" encoding="utf-8"?><testsuites name="pytest tests"><testsuite name="pytest" errors="0" failures="0" skipped="0" tests="21" time="1.185" timestamp="2026-02-02T16:03:11.693814+00:00" hostname="agent-env-12ede32d-9cfd-4672-9a1e-89783b473500"><testcase classname="backend.tests.test_patrol_api.TestHealthAndRoot" name="test_root_endpoint" time="0.079" /><testcase classname="backend.tests.test_patrol_api.TestHealthAndRoot" name="test_api_reachable" time="0.042" /><testcase classname="backend.tests.test_patrol_api.TestAuthentication" name="test_super_admin_login_success" time="0.034" /><testcase classname="backend.tests.test_patrol_api.TestAuthentication" name="test_demo_hq_login_success" time="0.036" /><testcase classname="backend.tests.test_patrol_api.TestAuthentication" name="test_login_invalid_credentials" time="0.037" /><testcase classname="backend.tests.test_patrol_api.TestPatrolsAPI" name="test_get_all_patrols_super_admin" time="0.036" /><testcase classname="backend.tests.test_patrol_api.TestPatrolsAPI" name="test_get_patrols_with_search" time="0.036" /><testcase classname="backend.tests.test_patrol_api.TestPatrolsAPI" name="test_get_patrols_with_status_filter" time="0.036" /><testcase classname="backend.tests.test_patrol_api.TestPatrolsAPI" name="test_get_patrols_with_camp_filter" time="0.035" /><testcase classname="backend.tests.test_patrol_api.TestPatrolsAPI" name="test_create_patrol" time="0.111" /><testcase classname="backend.tests.test_patrol_api.TestPatrolsAPI" name="test_update_patrol_details" time="0.099" /><testcase classname="backend.tests.test_patrol_api.TestPatrolsAPI" name="test_delete_patrol" time="0.107" /><testcase classname="backend.tests.test_patrol_api.TestFilterOptions" name="test_get_filter_options" time="0.037" /><testcase classname="backend.tests.test_patrol_api.TestStatsAPI" name="test_get_stats_super_admin" time="0.036" /><testcase classname="backend.tests.test_patrol_api.TestSOSAPI" name="test_get_sos_alerts" time="0.037" /><testcase classname="backend.tests.test_patrol_api.TestSOSAPI" name="test_get_resolved_sos_alerts" time="0.037" /><testcase classname="backend.tests.test_patrol_api.TestAccessCodes" name="test_generate_access_code" time="0.073" /><testcase classname="backend.tests.test_patrol_api.TestAccessCodes" name="test_generate_code_invalid_patrol" time="0.043" /><testcase classname="backend.tests.test_patrol_api.TestPatrolTrails" name="test_get_patrol_trail" time="0.072" /><testcase classname="backend.tests.test_patrol_api.TestPatrolHistory" name="test_get_patrol_history" time="0.038" /><testcase classname="backend.tests.test_patrol_api.TestPatrolHistory" name="test_get_patrol_history_invalid_date" time="0.039" /></testsuite></testsuites>