<?xml version="1.0" encoding="utf-8"?><testsuites name="pytest tests"><testsuite name="pytest" errors="0" failures="0" skipped="0" tests="22" time="2.788" timestamp="2026-02-03T16:13:49.849622+00:00" hostname="agent-env-34ded1f1-b5b0-4bc0-b5c0-38759a5af4ce"><testcase classname="backend.tests.test_session_trails.TestSessionTrailLifecycle" name="test_01_login_success" time="0.077" /><testcase classname="backend.tests.test_session_trails.TestSessionTrailLifecycle" name="test_02_patrol_exists" time="0.054" /><testcase classname="backend.tests.test_session_trails.TestSessionTrailLifecycle" name="test_03_generate_access_code" time="0.051" /><testcase classname="backend.tests.test_session_trails.TestSessionTrailLifecycle" name="test_04_verify_code_clears_trail" time="0.099" /><testcase classname="backend.tests.test_session_trails.TestSessionTrailLifecycle" name="test_05_trail_empty_after_new_session" time="0.091" /><testcase classname="backend.tests.test_session_trails.TestSessionTrailLifecycle" name="test_06_add_location_updates" time="1.578" /><testcase classname="backend.tests.test_session_trails.TestSessionTrailLifecycle" name="test_07_trail_has_session_points" time="0.051" /><testcase classname="backend.tests.test_session_trails.TestSessionTrailLifecycle" name="test_08_end_session" time="0.052" /><testcase classname="backend.tests.test_session_trails.TestSessionTrailLifecycle" name="test_09_generate_new_code_for_new_session" time="0.052" /><testcase classname="backend.tests.test_session_trails.TestSessionTrailLifecycle" name="test_10_verify_new_code_starts_fresh_session" time="0.068" /><testcase classname="backend.tests.test_session_trails.TestSessionTrailLifecycle" name="test_11_trail_empty_for_new_session" time="0.051" /><testcase classname="backend.tests.test_session_trails.TestTrailEndpointFiltering" name="test_trail_endpoint_returns_correct_structure" time="0.039" /><testcase classname="backend.tests.test_session_trails.TestTrailEndpointFiltering" name="test_trail_endpoint_with_hours_param" time="0.041" /><testcase classname="backend.tests.test_session_trails.TestTrailEndpointFiltering" name="test_trail_endpoint_nonexistent_patrol" time="0.039" /><testcase classname="backend.tests.test_session_trails.TestMQTTLocationEndpoint" name="test_mqtt_location_update_success" time="0.036" /><testcase classname="backend.tests.test_session_trails.TestMQTTLocationEndpoint" name="test_mqtt_location_invalid_patrol" time="0.036" /><testcase classname="backend.tests.test_session_trails.TestMQTTLocationEndpoint" name="test_mqtt_location_invalid_coordinates" time="0.038" /><testcase classname="backend.tests.test_session_trails.TestMQTTLocationEndpoint" name="test_mqtt_location_nonexistent_patrol" time="0.035" /><testcase classname="backend.tests.test_session_trails.TestVerifyCodeEndpoint" name="test_verify_code_missing_params" time="0.080" /><testcase classname="backend.tests.test_session_trails.TestVerifyCodeEndpoint" name="test_verify_code_invalid_code" time="0.042" /><testcase classname="backend.tests.test_session_trails.TestVerifyCodeEndpoint" name="test_verify_code_response_structure" time="0.050" /><testcase classname="backend.tests.test_session_trails.TestAllTrailsEndpoint" name="test_all_trails_endpoint" time="0.038" /></testsuite></testsuites>