<?xml version="1.0" encoding="utf-8"?><testsuites name="pytest tests"><testsuite name="pytest" errors="0" failures="0" skipped="0" tests="14" time="1.173" timestamp="2026-02-03T01:54:54.650440+00:00" hostname="agent-env-464f108f-f51a-4c1e-9484-24e60e02e57f"><testcase classname="backend.tests.test_subscription_api.TestSubscriptionStatus" name="test_subscription_status_super_admin" time="0.070" /><testcase classname="backend.tests.test_subscription_api.TestSubscriptionStatus" name="test_subscription_status_active_user" time="0.087" /><testcase classname="backend.tests.test_subscription_api.TestSubscriptionStatus" name="test_subscription_status_expired_user" time="0.086" /><testcase classname="backend.tests.test_subscription_api.TestLoginSubscriptionCheck" name="test_login_returns_subscription_info" time="0.042" /><testcase classname="backend.tests.test_subscription_api.TestLoginSubscriptionCheck" name="test_login_expired_user_returns_expired_status" time="0.043" /><testcase classname="backend.tests.test_subscription_api.TestLoginSubscriptionCheck" name="test_super_admin_login_no_subscription_restrictions" time="0.042" /><testcase classname="backend.tests.test_subscription_api.TestPatrolLimitEnforcement" name="test_create_patrol_blocked_for_expired_user" time="0.086" /><testcase classname="backend.tests.test_subscription_api.TestPatrolLimitEnforcement" name="test_create_patrol_allowed_for_active_user" time="0.135" /><testcase classname="backend.tests.test_subscription_api.TestPatrolLimitEnforcement" name="test_super_admin_can_always_create_patrol" time="0.075" /><testcase classname="backend.tests.test_subscription_api.TestGetPatrolsSubscriptionCheck" name="test_get_patrols_blocked_for_expired_user" time="0.115" /><testcase classname="backend.tests.test_subscription_api.TestGetPatrolsSubscriptionCheck" name="test_get_patrols_allowed_for_active_user" time="0.081" /><testcase classname="backend.tests.test_subscription_api.TestGetPatrolsSubscriptionCheck" name="test_super_admin_can_always_get_patrols" time="0.037" /><testcase classname="backend.tests.test_subscription_api.TestAdminEndpoints" name="test_admin_hq_list" time="0.043" /><testcase classname="backend.tests.test_subscription_api.TestAdminEndpoints" name="test_admin_stats" time="0.039" /></testsuite></testsuites>